<?xml version="1.0" encoding="UTF-8"?>
<!-- Generated by org.testng.reporters.JUnitXMLReporter -->
<testsuite ignored="0" hostname="Lenov-AMD-Ryzen-5" failures="0" tests="4" name="Test" time="13.519" errors="0" timestamp="2022-03-02T08:22:25 IST">
  <testcase classname="shifts7.testclass2" name="@BeforeMethod loginIntoApplication" time="11.456">
    <failure type="java.io.FileNotFoundException" message="C:\Users\omkar wagh\OneDrive\Desktop (Access is denied)">
      <![CDATA[java.io.FileNotFoundException: C:\Users\omkar wagh\OneDrive\Desktop (Access is denied)
at java.base/java.io.FileInputStream.open0(Native Method)
at java.base/java.io.FileInputStream.open(FileInputStream.java:216)
at java.base/java.io.FileInputStream.<init>(FileInputStream.java:157)
at java.base/java.io.FileInputStream.<init>(FileInputStream.java:111)
at Utils.Utility.getDatafromeExcel(Utility.java:20)
at shifts7.testclass2.loginIntoApplication(testclass2.java:51)
at java.base/java.util.ArrayList.forEach(ArrayList.java:1511)
... Removed 31 stack frames]]>
    </failure>
  </testcase> <!-- @BeforeMethod loginIntoApplication -->
  <testcase classname="shifts7.testclass2" name="@AfterMethod LogOutFromApplication" time="-1.646189545199E9">
    <skipped/>
  </testcase> <!-- @AfterMethod LogOutFromApplication -->
  <testcase classname="shifts7.testclass2" name="@BeforeMethod loginIntoApplication" time="-1.646189545208E9">
    <skipped/>
  </testcase> <!-- @BeforeMethod loginIntoApplication -->
  <testcase classname="shifts7.testclass2" name="@AfterMethod LogOutFromApplication" time="-1.646189545216E9">
    <skipped/>
  </testcase> <!-- @AfterMethod LogOutFromApplication -->
  <testcase classname="shifts7.testclass2" name="@BeforeMethod loginIntoApplication" time="-1.646189545219E9">
    <skipped/>
  </testcase> <!-- @BeforeMethod loginIntoApplication -->
  <testcase classname="shifts7.testclass2" name="@AfterMethod LogOutFromApplication" time="-1.646189545228E9">
    <skipped/>
  </testcase> <!-- @AfterMethod LogOutFromApplication -->
  <testcase classname="shifts7.testclass2" name="@BeforeMethod loginIntoApplication" time="-1.646189545231E9">
    <skipped/>
  </testcase> <!-- @BeforeMethod loginIntoApplication -->
  <testcase classname="shifts7.testclass2" name="@AfterMethod LogOutFromApplication" time="-1.646189545239E9">
    <skipped/>
  </testcase> <!-- @AfterMethod LogOutFromApplication -->
  <testcase classname="shifts7.testclass2" name="@AfterClass QuittheBrowser" time="-1.646189545242E9">
    <skipped/>
  </testcase> <!-- @AfterClass QuittheBrowser -->
  <testcase classname="shifts7.testclass2" name="@AfterTest quitTheBrowser" time="-1.646189545244E9">
    <skipped/>
  </testcase> <!-- @AfterTest quitTheBrowser -->
  <testcase classname="shifts7.testclass2" name="verifytheDashBoard" time="0.0">
    <skipped/>
  </testcase> <!-- verifytheDashBoard -->
  <testcase classname="shifts7.testclass2" name="verifytheSchedule" time="0.0">
    <skipped/>
  </testcase> <!-- verifytheSchedule -->
  <testcase classname="shifts7.testclass2" name="verifytheLogBook" time="0.0">
    <skipped/>
  </testcase> <!-- verifytheLogBook -->
  <testcase classname="shifts7.testclass2" name="verifytheemployeetab" time="0.0">
    <skipped/>
  </testcase> <!-- verifytheemployeetab -->
</testsuite> <!-- Test -->
